<?xml version="1.0" encoding="UTF-8"?>
<!DOCTYPE html PUBLIC "-//W3C//DTD XHTML 1.0 Strict//EN" "http://www.w3.org/TR/xhtml1/DTD/xhtml1-strict.dtd">
<html xmlns="http://www.w3.org/1999/xhtml">
<head>
    <title>thor接口测试报告</title>
    <meta name="generator" content="HTMLTestRunner 0.8.2.2"/>
    <meta http-equiv="Content-Type" content="text/html; charset=UTF-8"/>
    <link href="http://libs.baidu.com/bootstrap/3.0.3/css/bootstrap.min.css" rel="stylesheet">
    <script src="http://libs.baidu.com/jquery/2.0.0/jquery.min.js"></script>
    <script src="http://libs.baidu.com/bootstrap/3.0.3/js/bootstrap.min.js"></script>
    
<style type="text/css" media="screen">
body        { font-family: Microsoft YaHei,Tahoma,arial,helvetica,sans-serif;padding: 20px; font-size: 80%; }
table       { font-size: 100%; }

/* -- heading ---------------------------------------------------------------------- */
.heading {
    margin-top: 0ex;
    margin-bottom: 1ex;
}

.heading .description {
    margin-top: 4ex;
    margin-bottom: 6ex;
}

/* -- report ------------------------------------------------------------------------ */
#total_row  { font-weight: bold; }
.passCase   { color: #5cb85c; }
.failCase   { color: #d9534f; font-weight: bold; }
.errorCase  { color: #f0ad4e; font-weight: bold; }
.hiddenRow  { display: none; }
.testcase   { margin-left: 2em; }
</style>

</head>
<body >
<script language="javascript" type="text/javascript">
output_list = Array();

/*level 调整增加只显示通过用例的分类 --Findyou
0:Summary //all hiddenRow
1:Failed  //pt hiddenRow, ft none
2:Pass    //pt none, ft hiddenRow
3:All     //pt none, ft none
*/
function showCase(level) {
    trs = document.getElementsByTagName("tr");
    for (var i = 0; i < trs.length; i++) {
        tr = trs[i];
        id = tr.id;
        if (id.substr(0,2) == 'ft') {
            if (level == 2 || level == 0 ) {
                tr.className = 'hiddenRow';
            }
            else {
                tr.className = '';
            }
        }
        if (id.substr(0,2) == 'pt') {
            if (level < 2) {
                tr.className = 'hiddenRow';
            }
            else {
                tr.className = '';
            }
        }
    }

    //加入【详细】切换文字变化 --Findyou
    detail_class=document.getElementsByClassName('detail');
	//console.log(detail_class.length)
	if (level == 3) {
		for (var i = 0; i < detail_class.length; i++){
			detail_class[i].innerHTML="收起"
		}
	}
	else{
			for (var i = 0; i < detail_class.length; i++){
			detail_class[i].innerHTML="详细"
		}
	}
}

function showClassDetail(cid, count) {
    var id_list = Array(count);
    var toHide = 1;
    for (var i = 0; i < count; i++) {
        //ID修改 点 为 下划线 -Findyou
        tid0 = 't' + cid.substr(1) + '_' + (i+1);
        tid = 'f' + tid0;
        tr = document.getElementById(tid);
        if (!tr) {
            tid = 'p' + tid0;
            tr = document.getElementById(tid);
        }
        id_list[i] = tid;
        if (tr.className) {
            toHide = 0;
        }
    }
    for (var i = 0; i < count; i++) {
        tid = id_list[i];
        //修改点击无法收起的BUG，加入【详细】切换文字变化 --Findyou
        if (toHide) {
            document.getElementById(tid).className = 'hiddenRow';
            document.getElementById(cid).innerText = "详细"
        }
        else {
            document.getElementById(tid).className = '';
            document.getElementById(cid).innerText = "收起"
        }
    }
}

function html_escape(s) {
    s = s.replace(/&/g,'&amp;');
    s = s.replace(/</g,'&lt;');
    s = s.replace(/>/g,'&gt;');
    return s;
}
</script>
<div class='heading'>
<h1 style="font-family: Microsoft YaHei">thor接口测试报告</h1>
<p class='attribute'><strong>测试人员 : </strong> 人人视频测试组</p>
<p class='attribute'><strong>开始时间 : </strong> 2018-11-23 17:42:25</p>
<p class='attribute'><strong>合计耗时 : </strong> 0:00:04.693854</p>
<p class='attribute'><strong>测试结果 : </strong> 共 16，失败 3，错误 13，通过率= 0.00%</p>

<p class='description'>thor Interface Test</p>
</div>



<p id='show_detail_line'>
<a class="btn btn-primary" href='javascript:showCase(0)'>概要{ 0.00% }</a>
<a class="btn btn-danger" href='javascript:showCase(1)'>失败{ 3 }</a>
<a class="btn btn-success" href='javascript:showCase(2)'>通过{ 0 }</a>
<a class="btn btn-info" href='javascript:showCase(3)'>所有{ 16 }</a>
</p>
<table id='result_table' class="table table-condensed table-bordered table-hover">
<colgroup>
<col align='left' />
<col align='right' />
<col align='right' />
<col align='right' />
<col align='right' />
<col align='right' />
</colgroup>
<tr id='header_row' class="text-center success" style="font-weight: bold;font-size: 14px;">
    <td>用例集/测试用例</td>
    <td>总计</td>
    <td>通过</td>
    <td>失败</td>
    <td>错误</td>
    <td>详细</td>
</tr>

<tr class='errorClass warning'>
    <td>paramunittest.Relation_0</td>
    <td class="text-center">1</td>
    <td class="text-center">0</td>
    <td class="text-center">0</td>
    <td class="text-center">1</td>
    <td class="text-center"><a href="javascript:showClassDetail('c1',1)" class="detail" id='c1'>详细</a></td>
</tr>

<tr id='ft1_1' class='none'>
    <td class='errorCase'><div class='testcase'>testRelation</div></td>
    <td colspan='5' align='center'>
    <!--默认收起错误信息 -Findyou
    <button id='btn_ft1_1' type="button"  class="btn btn-danger btn-xs collapsed" data-toggle="collapse" data-target='#div_ft1_1'>错误</button>
    <div id='div_ft1_1' class="collapse">  -->

    <!-- 默认展开错误信息 -Findyou -->
    <button id='btn_ft1_1' type="button"  class="btn btn-danger btn-xs" data-toggle="collapse" data-target='#div_ft1_1'>错误</button>
    <div id='div_ft1_1' class="collapse in">
    <pre align="left" >
    
ft1_1: 
请求地址：http://test-api.hitube.app/u/relation/bindInvitationCode?invitationCode=VBNGX1FBVOMD

请求返回值：
{
    "code": "3036",
    "data": null,
    "msg": "master and apprentice are on same device",
    "requestId": "27c5697d35b249eead48c53ca44cde2a",
    "time": 1542966145407
}
Traceback (most recent call last):
  File "E:\雷神\接口测试\httptest\game2_httpTest\testCase\quest\testRelation.py", line 48, in tearDown
    self.log.build_case_line(self.case_name)
TypeError: build_case_line() missing 2 required positional arguments: 'code' and 'msg'


    </pre>
    </div>
    </td>
</tr>

<tr class='errorClass warning'>
    <td>paramunittest.Relation_1</td>
    <td class="text-center">1</td>
    <td class="text-center">0</td>
    <td class="text-center">0</td>
    <td class="text-center">1</td>
    <td class="text-center"><a href="javascript:showClassDetail('c2',1)" class="detail" id='c2'>详细</a></td>
</tr>

<tr id='ft2_1' class='none'>
    <td class='errorCase'><div class='testcase'>testRelation</div></td>
    <td colspan='5' align='center'>
    <!--默认收起错误信息 -Findyou
    <button id='btn_ft2_1' type="button"  class="btn btn-danger btn-xs collapsed" data-toggle="collapse" data-target='#div_ft2_1'>错误</button>
    <div id='div_ft2_1' class="collapse">  -->

    <!-- 默认展开错误信息 -Findyou -->
    <button id='btn_ft2_1' type="button"  class="btn btn-danger btn-xs" data-toggle="collapse" data-target='#div_ft2_1'>错误</button>
    <div id='div_ft2_1' class="collapse in">
    <pre align="left" >
    
ft2_1: 
请求地址：http://test-api.hitube.app/u/relation/bindInvitationCode?invitationCode=VBNGX2FBVOMD

请求返回值：
{
    "code": "3031",
    "data": null,
    "msg": "invalid invitation code",
    "requestId": "b534473aa2924a67a8be193f992516d0",
    "time": 1542966145706
}
Traceback (most recent call last):
  File "E:\雷神\接口测试\httptest\game2_httpTest\testCase\quest\testRelation.py", line 48, in tearDown
    self.log.build_case_line(self.case_name)
TypeError: build_case_line() missing 2 required positional arguments: 'code' and 'msg'


    </pre>
    </div>
    </td>
</tr>

<tr class='errorClass warning'>
    <td>paramunittest.Relation_2</td>
    <td class="text-center">1</td>
    <td class="text-center">0</td>
    <td class="text-center">0</td>
    <td class="text-center">1</td>
    <td class="text-center"><a href="javascript:showClassDetail('c3',1)" class="detail" id='c3'>详细</a></td>
</tr>

<tr id='ft3_1' class='none'>
    <td class='errorCase'><div class='testcase'>testRelation</div></td>
    <td colspan='5' align='center'>
    <!--默认收起错误信息 -Findyou
    <button id='btn_ft3_1' type="button"  class="btn btn-danger btn-xs collapsed" data-toggle="collapse" data-target='#div_ft3_1'>错误</button>
    <div id='div_ft3_1' class="collapse">  -->

    <!-- 默认展开错误信息 -Findyou -->
    <button id='btn_ft3_1' type="button"  class="btn btn-danger btn-xs" data-toggle="collapse" data-target='#div_ft3_1'>错误</button>
    <div id='div_ft3_1' class="collapse in">
    <pre align="left" >
    
ft3_1: 
请求地址：http://test-api.hitube.app/u/relation/bindInvitationCode?invitationCode=VBNGX2FBVOMD

请求返回值：
{
    "code": "3031",
    "data": null,
    "msg": "invalid invitation code",
    "requestId": "b25864d0b598471cba231d139258fbcf",
    "time": 1542966146170
}
Traceback (most recent call last):
  File "E:\雷神\接口测试\httptest\game2_httpTest\testCase\quest\testRelation.py", line 48, in tearDown
    self.log.build_case_line(self.case_name)
TypeError: build_case_line() missing 2 required positional arguments: 'code' and 'msg'


    </pre>
    </div>
    </td>
</tr>

<tr class='errorClass warning'>
    <td>paramunittest.Relation_3</td>
    <td class="text-center">1</td>
    <td class="text-center">0</td>
    <td class="text-center">0</td>
    <td class="text-center">1</td>
    <td class="text-center"><a href="javascript:showClassDetail('c4',1)" class="detail" id='c4'>详细</a></td>
</tr>

<tr id='ft4_1' class='none'>
    <td class='errorCase'><div class='testcase'>testRelation</div></td>
    <td colspan='5' align='center'>
    <!--默认收起错误信息 -Findyou
    <button id='btn_ft4_1' type="button"  class="btn btn-danger btn-xs collapsed" data-toggle="collapse" data-target='#div_ft4_1'>错误</button>
    <div id='div_ft4_1' class="collapse">  -->

    <!-- 默认展开错误信息 -Findyou -->
    <button id='btn_ft4_1' type="button"  class="btn btn-danger btn-xs" data-toggle="collapse" data-target='#div_ft4_1'>错误</button>
    <div id='div_ft4_1' class="collapse in">
    <pre align="left" >
    
ft4_1: 
请求地址：http://test-api.hitube.app/u/relation/bindInvitationCode?invitationCode=VBNGX2FBVOMD

请求返回值：
{
    "code": "3031",
    "data": null,
    "msg": "invalid invitation code",
    "requestId": "7fb00f0234764d67b4ad3ec529de514f",
    "time": 1542966146458
}
Traceback (most recent call last):
  File "E:\雷神\接口测试\httptest\game2_httpTest\testCase\quest\testRelation.py", line 48, in tearDown
    self.log.build_case_line(self.case_name)
TypeError: build_case_line() missing 2 required positional arguments: 'code' and 'msg'


    </pre>
    </div>
    </td>
</tr>

<tr class='errorClass warning'>
    <td>paramunittest.Relation_4</td>
    <td class="text-center">2</td>
    <td class="text-center">0</td>
    <td class="text-center">0</td>
    <td class="text-center">2</td>
    <td class="text-center"><a href="javascript:showClassDetail('c5',2)" class="detail" id='c5'>详细</a></td>
</tr>

<tr id='ft5_1' class='none'>
    <td class='errorCase'><div class='testcase'>testRelation</div></td>
    <td colspan='5' align='center'>
    <!--默认收起错误信息 -Findyou
    <button id='btn_ft5_1' type="button"  class="btn btn-danger btn-xs collapsed" data-toggle="collapse" data-target='#div_ft5_1'>错误</button>
    <div id='div_ft5_1' class="collapse">  -->

    <!-- 默认展开错误信息 -Findyou -->
    <button id='btn_ft5_1' type="button"  class="btn btn-danger btn-xs" data-toggle="collapse" data-target='#div_ft5_1'>错误</button>
    <div id='div_ft5_1' class="collapse in">
    <pre align="left" >
    
ft5_1: Traceback (most recent call last):
  File "E:\雷神\接口测试\httptest\game2_httpTest\testCase\quest\testRelation.py", line 43, in testRelation
    self.checkResult()
  File "E:\雷神\接口测试\httptest\game2_httpTest\testCase\quest\testRelation.py", line 52, in checkResult
    self.info = self.response.json()
  File "D:\win10_program\python3.7\lib\site-packages\requests\models.py", line 896, in json
    return complexjson.loads(self.text, **kwargs)
  File "D:\win10_program\python3.7\lib\json\__init__.py", line 348, in loads
    return _default_decoder.decode(s)
  File "D:\win10_program\python3.7\lib\json\decoder.py", line 337, in decode
    obj, end = self.raw_decode(s, idx=_w(s, 0).end())
  File "D:\win10_program\python3.7\lib\json\decoder.py", line 355, in raw_decode
    raise JSONDecodeError("Expecting value", s, err.value) from None
json.decoder.JSONDecodeError: Expecting value: line 1 column 1 (char 0)


    </pre>
    </div>
    </td>
</tr>

<tr id='ft5_2' class='none'>
    <td class='errorCase'><div class='testcase'>testRelation</div></td>
    <td colspan='5' align='center'>
    <!--默认收起错误信息 -Findyou
    <button id='btn_ft5_2' type="button"  class="btn btn-danger btn-xs collapsed" data-toggle="collapse" data-target='#div_ft5_2'>错误</button>
    <div id='div_ft5_2' class="collapse">  -->

    <!-- 默认展开错误信息 -Findyou -->
    <button id='btn_ft5_2' type="button"  class="btn btn-danger btn-xs" data-toggle="collapse" data-target='#div_ft5_2'>错误</button>
    <div id='div_ft5_2' class="collapse in">
    <pre align="left" >
    
ft5_2: Traceback (most recent call last):
  File "E:\雷神\接口测试\httptest\game2_httpTest\testCase\quest\testRelation.py", line 48, in tearDown
    self.log.build_case_line(self.case_name)
TypeError: build_case_line() missing 2 required positional arguments: 'code' and 'msg'


    </pre>
    </div>
    </td>
</tr>

<tr class='errorClass warning'>
    <td>paramunittest.Relation_5</td>
    <td class="text-center">2</td>
    <td class="text-center">0</td>
    <td class="text-center">1</td>
    <td class="text-center">1</td>
    <td class="text-center"><a href="javascript:showClassDetail('c6',2)" class="detail" id='c6'>详细</a></td>
</tr>

<tr id='ft6_1' class='none'>
    <td class='failCase'><div class='testcase'>testRelation</div></td>
    <td colspan='5' align='center'>
    <!--默认收起错误信息 -Findyou
    <button id='btn_ft6_1' type="button"  class="btn btn-danger btn-xs collapsed" data-toggle="collapse" data-target='#div_ft6_1'>失败</button>
    <div id='div_ft6_1' class="collapse">  -->

    <!-- 默认展开错误信息 -Findyou -->
    <button id='btn_ft6_1' type="button"  class="btn btn-danger btn-xs" data-toggle="collapse" data-target='#div_ft6_1'>失败</button>
    <div id='div_ft6_1' class="collapse in">
    <pre align="left" >
    
ft6_1: 
请求地址：http://test-api.hitube.app/u/relation/bindInvitationCode?invitationCode=VBNGX2FBVOMD

请求返回值：
{
    "code": "3037",
    "data": null,
    "msg": "one device can only have one master",
    "requestId": "a45457fcd4224e96942e6b7dd2b391bf",
    "time": 1542966147848
}
Traceback (most recent call last):
  File "E:\雷神\接口测试\httptest\game2_httpTest\testCase\quest\testRelation.py", line 43, in testRelation
    self.checkResult()
  File "E:\雷神\接口测试\httptest\game2_httpTest\testCase\quest\testRelation.py", line 56, in checkResult
    self.assertEqual(self.info['code'], self.result_code, "测试用例 "+self.case_name+"失败")
AssertionError: '3037' != '3031'
- 3037
?    ^
+ 3031
?    ^
 : 测试用例 同设备填写错误的设备号失败


    </pre>
    </div>
    </td>
</tr>

<tr id='ft6_2' class='none'>
    <td class='errorCase'><div class='testcase'>testRelation</div></td>
    <td colspan='5' align='center'>
    <!--默认收起错误信息 -Findyou
    <button id='btn_ft6_2' type="button"  class="btn btn-danger btn-xs collapsed" data-toggle="collapse" data-target='#div_ft6_2'>错误</button>
    <div id='div_ft6_2' class="collapse">  -->

    <!-- 默认展开错误信息 -Findyou -->
    <button id='btn_ft6_2' type="button"  class="btn btn-danger btn-xs" data-toggle="collapse" data-target='#div_ft6_2'>错误</button>
    <div id='div_ft6_2' class="collapse in">
    <pre align="left" >
    
ft6_2: 
请求地址：http://test-api.hitube.app/u/relation/bindInvitationCode?invitationCode=VBNGX2FBVOMD

请求返回值：
{
    "code": "3037",
    "data": null,
    "msg": "one device can only have one master",
    "requestId": "a45457fcd4224e96942e6b7dd2b391bf",
    "time": 1542966147848
}
Traceback (most recent call last):
  File "E:\雷神\接口测试\httptest\game2_httpTest\testCase\quest\testRelation.py", line 48, in tearDown
    self.log.build_case_line(self.case_name)
TypeError: build_case_line() missing 2 required positional arguments: 'code' and 'msg'


    </pre>
    </div>
    </td>
</tr>

<tr class='errorClass warning'>
    <td>paramunittest.Relation_6</td>
    <td class="text-center">2</td>
    <td class="text-center">0</td>
    <td class="text-center">0</td>
    <td class="text-center">2</td>
    <td class="text-center"><a href="javascript:showClassDetail('c7',2)" class="detail" id='c7'>详细</a></td>
</tr>

<tr id='ft7_1' class='none'>
    <td class='errorCase'><div class='testcase'>testRelation</div></td>
    <td colspan='5' align='center'>
    <!--默认收起错误信息 -Findyou
    <button id='btn_ft7_1' type="button"  class="btn btn-danger btn-xs collapsed" data-toggle="collapse" data-target='#div_ft7_1'>错误</button>
    <div id='div_ft7_1' class="collapse">  -->

    <!-- 默认展开错误信息 -Findyou -->
    <button id='btn_ft7_1' type="button"  class="btn btn-danger btn-xs" data-toggle="collapse" data-target='#div_ft7_1'>错误</button>
    <div id='div_ft7_1' class="collapse in">
    <pre align="left" >
    
ft7_1: Traceback (most recent call last):
  File "E:\雷神\接口测试\httptest\game2_httpTest\testCase\quest\testRelation.py", line 43, in testRelation
    self.checkResult()
  File "E:\雷神\接口测试\httptest\game2_httpTest\testCase\quest\testRelation.py", line 52, in checkResult
    self.info = self.response.json()
  File "D:\win10_program\python3.7\lib\site-packages\requests\models.py", line 896, in json
    return complexjson.loads(self.text, **kwargs)
  File "D:\win10_program\python3.7\lib\json\__init__.py", line 348, in loads
    return _default_decoder.decode(s)
  File "D:\win10_program\python3.7\lib\json\decoder.py", line 337, in decode
    obj, end = self.raw_decode(s, idx=_w(s, 0).end())
  File "D:\win10_program\python3.7\lib\json\decoder.py", line 355, in raw_decode
    raise JSONDecodeError("Expecting value", s, err.value) from None
json.decoder.JSONDecodeError: Expecting value: line 1 column 1 (char 0)


    </pre>
    </div>
    </td>
</tr>

<tr id='ft7_2' class='none'>
    <td class='errorCase'><div class='testcase'>testRelation</div></td>
    <td colspan='5' align='center'>
    <!--默认收起错误信息 -Findyou
    <button id='btn_ft7_2' type="button"  class="btn btn-danger btn-xs collapsed" data-toggle="collapse" data-target='#div_ft7_2'>错误</button>
    <div id='div_ft7_2' class="collapse">  -->

    <!-- 默认展开错误信息 -Findyou -->
    <button id='btn_ft7_2' type="button"  class="btn btn-danger btn-xs" data-toggle="collapse" data-target='#div_ft7_2'>错误</button>
    <div id='div_ft7_2' class="collapse in">
    <pre align="left" >
    
ft7_2: Traceback (most recent call last):
  File "E:\雷神\接口测试\httptest\game2_httpTest\testCase\quest\testRelation.py", line 48, in tearDown
    self.log.build_case_line(self.case_name)
TypeError: build_case_line() missing 2 required positional arguments: 'code' and 'msg'


    </pre>
    </div>
    </td>
</tr>

<tr class='errorClass warning'>
    <td>paramunittest.Relation_7</td>
    <td class="text-center">2</td>
    <td class="text-center">0</td>
    <td class="text-center">1</td>
    <td class="text-center">1</td>
    <td class="text-center"><a href="javascript:showClassDetail('c8',2)" class="detail" id='c8'>详细</a></td>
</tr>

<tr id='ft8_1' class='none'>
    <td class='failCase'><div class='testcase'>testRelation</div></td>
    <td colspan='5' align='center'>
    <!--默认收起错误信息 -Findyou
    <button id='btn_ft8_1' type="button"  class="btn btn-danger btn-xs collapsed" data-toggle="collapse" data-target='#div_ft8_1'>失败</button>
    <div id='div_ft8_1' class="collapse">  -->

    <!-- 默认展开错误信息 -Findyou -->
    <button id='btn_ft8_1' type="button"  class="btn btn-danger btn-xs" data-toggle="collapse" data-target='#div_ft8_1'>失败</button>
    <div id='div_ft8_1' class="collapse in">
    <pre align="left" >
    
ft8_1: 
请求地址：http://test-api.hitube.app/u/relation/bindInvitationCode?invitationCode=VBNGX2FBVOMD

请求返回值：
{
    "code": "3037",
    "data": null,
    "msg": "one device can only have one master",
    "requestId": "6b1486ed21f34e6ba93420e987c2d1bf",
    "time": 1542966149237
}
Traceback (most recent call last):
  File "E:\雷神\接口测试\httptest\game2_httpTest\testCase\quest\testRelation.py", line 43, in testRelation
    self.checkResult()
  File "E:\雷神\接口测试\httptest\game2_httpTest\testCase\quest\testRelation.py", line 56, in checkResult
    self.assertEqual(self.info['code'], self.result_code, "测试用例 "+self.case_name+"失败")
AssertionError: '3037' != '3031'
- 3037
?    ^
+ 3031
?    ^
 : 测试用例 设备号为空，不能拜师失败


    </pre>
    </div>
    </td>
</tr>

<tr id='ft8_2' class='none'>
    <td class='errorCase'><div class='testcase'>testRelation</div></td>
    <td colspan='5' align='center'>
    <!--默认收起错误信息 -Findyou
    <button id='btn_ft8_2' type="button"  class="btn btn-danger btn-xs collapsed" data-toggle="collapse" data-target='#div_ft8_2'>错误</button>
    <div id='div_ft8_2' class="collapse">  -->

    <!-- 默认展开错误信息 -Findyou -->
    <button id='btn_ft8_2' type="button"  class="btn btn-danger btn-xs" data-toggle="collapse" data-target='#div_ft8_2'>错误</button>
    <div id='div_ft8_2' class="collapse in">
    <pre align="left" >
    
ft8_2: 
请求地址：http://test-api.hitube.app/u/relation/bindInvitationCode?invitationCode=VBNGX2FBVOMD

请求返回值：
{
    "code": "3037",
    "data": null,
    "msg": "one device can only have one master",
    "requestId": "6b1486ed21f34e6ba93420e987c2d1bf",
    "time": 1542966149237
}
Traceback (most recent call last):
  File "E:\雷神\接口测试\httptest\game2_httpTest\testCase\quest\testRelation.py", line 48, in tearDown
    self.log.build_case_line(self.case_name)
TypeError: build_case_line() missing 2 required positional arguments: 'code' and 'msg'


    </pre>
    </div>
    </td>
</tr>

<tr class='errorClass warning'>
    <td>paramunittest.Relation_8</td>
    <td class="text-center">2</td>
    <td class="text-center">0</td>
    <td class="text-center">1</td>
    <td class="text-center">1</td>
    <td class="text-center"><a href="javascript:showClassDetail('c9',2)" class="detail" id='c9'>详细</a></td>
</tr>

<tr id='ft9_1' class='none'>
    <td class='failCase'><div class='testcase'>testRelation</div></td>
    <td colspan='5' align='center'>
    <!--默认收起错误信息 -Findyou
    <button id='btn_ft9_1' type="button"  class="btn btn-danger btn-xs collapsed" data-toggle="collapse" data-target='#div_ft9_1'>失败</button>
    <div id='div_ft9_1' class="collapse">  -->

    <!-- 默认展开错误信息 -Findyou -->
    <button id='btn_ft9_1' type="button"  class="btn btn-danger btn-xs" data-toggle="collapse" data-target='#div_ft9_1'>失败</button>
    <div id='div_ft9_1' class="collapse in">
    <pre align="left" >
    
ft9_1: 
请求地址：http://test-api.hitube.app/u/relation/bindInvitationCode?invitationCode=VBNGX2FBVOMD

请求返回值：
{
    "code": "3031",
    "data": null,
    "msg": "invalid invitation code",
    "requestId": "3f69eaff97394abd8c99690a601851d7",
    "time": 1542966149583
}
Traceback (most recent call last):
  File "E:\雷神\接口测试\httptest\game2_httpTest\testCase\quest\testRelation.py", line 43, in testRelation
    self.checkResult()
  File "E:\雷神\接口测试\httptest\game2_httpTest\testCase\quest\testRelation.py", line 56, in checkResult
    self.assertEqual(self.info['code'], self.result_code, "测试用例 "+self.case_name+"失败")
AssertionError: '3031' != '0000'
- 3031
+ 0000
 : 测试用例 拜师成功失败


    </pre>
    </div>
    </td>
</tr>

<tr id='ft9_2' class='none'>
    <td class='errorCase'><div class='testcase'>testRelation</div></td>
    <td colspan='5' align='center'>
    <!--默认收起错误信息 -Findyou
    <button id='btn_ft9_2' type="button"  class="btn btn-danger btn-xs collapsed" data-toggle="collapse" data-target='#div_ft9_2'>错误</button>
    <div id='div_ft9_2' class="collapse">  -->

    <!-- 默认展开错误信息 -Findyou -->
    <button id='btn_ft9_2' type="button"  class="btn btn-danger btn-xs" data-toggle="collapse" data-target='#div_ft9_2'>错误</button>
    <div id='div_ft9_2' class="collapse in">
    <pre align="left" >
    
ft9_2: 
请求地址：http://test-api.hitube.app/u/relation/bindInvitationCode?invitationCode=VBNGX2FBVOMD

请求返回值：
{
    "code": "3031",
    "data": null,
    "msg": "invalid invitation code",
    "requestId": "3f69eaff97394abd8c99690a601851d7",
    "time": 1542966149583
}
Traceback (most recent call last):
  File "E:\雷神\接口测试\httptest\game2_httpTest\testCase\quest\testRelation.py", line 48, in tearDown
    self.log.build_case_line(self.case_name)
TypeError: build_case_line() missing 2 required positional arguments: 'code' and 'msg'


    </pre>
    </div>
    </td>
</tr>

<tr class='errorClass warning'>
    <td>paramunittest.Relation_9</td>
    <td class="text-center">2</td>
    <td class="text-center">0</td>
    <td class="text-center">0</td>
    <td class="text-center">2</td>
    <td class="text-center"><a href="javascript:showClassDetail('c10',2)" class="detail" id='c10'>详细</a></td>
</tr>

<tr id='ft10_1' class='none'>
    <td class='errorCase'><div class='testcase'>testRelation</div></td>
    <td colspan='5' align='center'>
    <!--默认收起错误信息 -Findyou
    <button id='btn_ft10_1' type="button"  class="btn btn-danger btn-xs collapsed" data-toggle="collapse" data-target='#div_ft10_1'>错误</button>
    <div id='div_ft10_1' class="collapse">  -->

    <!-- 默认展开错误信息 -Findyou -->
    <button id='btn_ft10_1' type="button"  class="btn btn-danger btn-xs" data-toggle="collapse" data-target='#div_ft10_1'>错误</button>
    <div id='div_ft10_1' class="collapse in">
    <pre align="left" >
    
ft10_1: Traceback (most recent call last):
  File "E:\雷神\接口测试\httptest\game2_httpTest\testCase\quest\testRelation.py", line 43, in testRelation
    self.checkResult()
  File "E:\雷神\接口测试\httptest\game2_httpTest\testCase\quest\testRelation.py", line 52, in checkResult
    self.info = self.response.json()
  File "D:\win10_program\python3.7\lib\site-packages\requests\models.py", line 896, in json
    return complexjson.loads(self.text, **kwargs)
  File "D:\win10_program\python3.7\lib\json\__init__.py", line 348, in loads
    return _default_decoder.decode(s)
  File "D:\win10_program\python3.7\lib\json\decoder.py", line 337, in decode
    obj, end = self.raw_decode(s, idx=_w(s, 0).end())
  File "D:\win10_program\python3.7\lib\json\decoder.py", line 355, in raw_decode
    raise JSONDecodeError("Expecting value", s, err.value) from None
json.decoder.JSONDecodeError: Expecting value: line 1 column 1 (char 0)


    </pre>
    </div>
    </td>
</tr>

<tr id='ft10_2' class='none'>
    <td class='errorCase'><div class='testcase'>testRelation</div></td>
    <td colspan='5' align='center'>
    <!--默认收起错误信息 -Findyou
    <button id='btn_ft10_2' type="button"  class="btn btn-danger btn-xs collapsed" data-toggle="collapse" data-target='#div_ft10_2'>错误</button>
    <div id='div_ft10_2' class="collapse">  -->

    <!-- 默认展开错误信息 -Findyou -->
    <button id='btn_ft10_2' type="button"  class="btn btn-danger btn-xs" data-toggle="collapse" data-target='#div_ft10_2'>错误</button>
    <div id='div_ft10_2' class="collapse in">
    <pre align="left" >
    
ft10_2: Traceback (most recent call last):
  File "E:\雷神\接口测试\httptest\game2_httpTest\testCase\quest\testRelation.py", line 48, in tearDown
    self.log.build_case_line(self.case_name)
TypeError: build_case_line() missing 2 required positional arguments: 'code' and 'msg'


    </pre>
    </div>
    </td>
</tr>

<tr id='total_row' class="text-center active">
    <td>总计</td>
    <td>16</td>
    <td>0</td>
    <td>3</td>
    <td>13</td>
    <td>通过率：0.00%</td>
</tr>
</table>

<div id='ending'>&nbsp;</div>
    <div style=" position:fixed;right:50px; bottom:30px; width:20px; height:20px;cursor:pointer">
    <a href="#"><span class="glyphicon glyphicon-eject" style = "font-size:30px;" aria-hidden="true">
    </span></a></div>
    

</body>
</html>
